{"name": "проверка получения ошибки при создании курьера с незаполненными обязательными полями", "status": "failed", "statusDetails": {"message": "AssertionError: assert (400 == 400 and {'code': 400,...етной записи'} == {'message': '...етной записи'}\n +  where 400 = <Response [400]>.status_code\n  \n  Omitting 1 identical items, use -vv to show\n  Left contains 1 more item:\n  {'code': 400}\n  Use -v to get more diff)", "trace": "self = <Sprint_7.tests.test_courier_create.TestCourierCreate object at 0x102bd2240>\nempty_credentials = {'firstName': 'Мирон', 'login': 'These.873', 'password': ''}\n\n    @allure.title('проверка получения ошибки при создании курьера с незаполненными обязательными полями')\n    @allure.description('В тест по очереди передаются наборы данных с пустым логином или паролем. '\n                        'Проверяются код и тело ответа.')\n    @pytest.mark.parametrize('empty_credentials', [\n        {'login': '', 'password': create_random_password(), 'firstName': create_random_firstname()},\n        {'login': create_random_login(), 'password': '', 'firstName': create_random_firstname()}\n    ])\n    def test_create_courier_account_with_empty_required_fields(self, empty_credentials):\n        response = requests.post(Urls.URL_courier_create, data=empty_credentials)\n>       assert response.status_code == 400 and response.json() == {'message': 'Недостаточно данных для создания '\n                                                                              'учетной записи'}\nE       AssertionError: assert (400 == 400 and {'code': 400,...етной записи'} == {'message': '...етной записи'}\nE        +  where 400 = <Response [400]>.status_code\nE         \nE         Omitting 1 identical items, use -vv to show\nE         Left contains 1 more item:\nE         {'code': 400}\nE         Use -v to get more diff)\n\ntests/test_courier_create.py:42: AssertionError"}, "description": "В тест по очереди передаются наборы данных с пустым логином или паролем. Проверяются код и тело ответа.", "parameters": [{"name": "empty_credentials", "value": "{'login': 'These.873', 'password': '', 'firstName': 'Мирон'}"}], "start": 1728231196854, "stop": 1728231197214, "uuid": "9284ac2f-9b0f-46a5-89da-162ec9496057", "historyId": "bbd1a313e81bb82f3b884e78cbd96810", "testCaseId": "24728dbc5ca1c506c802490f19235df8", "fullName": "tests.test_courier_create.TestCourierCreate#test_create_courier_account_with_empty_required_fields", "labels": [{"name": "parentSuite", "value": "tests"}, {"name": "suite", "value": "test_courier_create"}, {"name": "subSuite", "value": "TestCourierCreate"}, {"name": "host", "value": "MacBook-Pro-Nicola.local"}, {"name": "thread", "value": "48180-MainThread"}, {"name": "framework", "value": "pytest"}, {"name": "language", "value": "cpython3"}, {"name": "package", "value": "tests.test_courier_create"}]}